<?xml version="1.0" encoding="UTF-8"?>
<!-- Generated by org.testng.reporters.JUnitReportReporter -->
<testsuite hostname="DESKTOP-S1KEI3U" failures="0" tests="3" name="Selenium.TC0023_CSV" time="31.537" errors="0" timestamp="2025-08-22T09:59:41 IST" skipped="0">
  <testcase classname="Selenium.TC0023_CSV" name="f" time="11.047"/>
  <testcase classname="Selenium.TC0023_CSV" name="f" time="10.320"/>
  <testcase classname="Selenium.TC0023_CSV" name="f" time="10.170"/>
</testsuite> <!-- Selenium.TC0023_CSV -->
