<?xml version="1.0" encoding="UTF-8"?>
<!-- Generated by org.testng.reporters.JUnitReportReporter -->
<testsuite hostname="DESKTOP-S1KEI3U" failures="0" tests="1" name="Selenium_Practice.Que4" time="3.712" errors="0" timestamp="2025-08-26T15:24:10 IST" skipped="0">
  <testcase classname="Selenium_Practice.Que4" name="f" time="3.712"/>
</testsuite> <!-- Selenium_Practice.Que4 -->
