<?xml version="1.0" encoding="UTF-8"?>
<!-- Generated by org.testng.reporters.JUnitReportReporter -->
<testsuite hostname="DESKTOP-S1KEI3U" failures="0" tests="1" name="Selenium_Practice.Que5" time="5.864" errors="0" timestamp="2025-08-28T09:56:02 IST" skipped="0">
  <testcase classname="Selenium_Practice.Que5" name="f" time="5.864"/>
</testsuite> <!-- Selenium_Practice.Que5 -->
