<?xml version="1.0" encoding="UTF-8"?>
<!-- Generated by org.testng.reporters.JUnitReportReporter -->
<testsuite hostname="DESKTOP-S1KEI3U" failures="0" tests="3" name="Selenium.Lab14" time="51.544" errors="0" timestamp="2025-08-21T12:07:38 IST" skipped="0">
  <testcase classname="Selenium.Lab14" name="f" time="16.449"/>
  <testcase classname="Selenium.Lab14" name="f" time="17.489"/>
  <testcase classname="Selenium.Lab14" name="f" time="17.606"/>
</testsuite> <!-- Selenium.Lab14 -->
