<?xml version="1.0" encoding="UTF-8"?>
<!-- Generated by org.testng.reporters.JUnitReportReporter -->
<testsuite hostname="DESKTOP-S1KEI3U" failures="0" tests="3" name="Selenium.TC0021_ExtendReport" time="48.198" errors="0" timestamp="2025-08-20T16:33:05 IST" skipped="0">
  <testcase classname="Selenium.TC0021_ExtendReport" name="f" time="15.128"/>
  <testcase classname="Selenium.TC0021_ExtendReport" name="f" time="15.444"/>
  <testcase classname="Selenium.TC0021_ExtendReport" name="f" time="17.626"/>
</testsuite> <!-- Selenium.TC0021_ExtendReport -->
