<?xml version="1.0" encoding="UTF-8"?>
<!-- Generated by org.testng.reporters.JUnitReportReporter -->
<testsuite hostname="DESKTOP-S1KEI3U" failures="0" tests="2" name="Selenium.TC0024_xml" time="18.143" errors="0" timestamp="2025-08-22T15:25:17 IST" skipped="0">
  <testcase classname="Selenium.TC0024_xml" name="f" time="8.444"/>
  <testcase classname="Selenium.TC0024_xml" name="f" time="9.699"/>
</testsuite> <!-- Selenium.TC0024_xml -->
