<?xml version="1.0" encoding="UTF-8"?>
<!-- Generated by org.testng.reporters.JUnitReportReporter -->
<testsuite hostname="DESKTOP-S1KEI3U" failures="0" tests="1" name="Selenium.TC0012_TestNG" time="9.786" errors="0" timestamp="2025-08-19T09:31:07 IST" skipped="0">
  <testcase classname="Selenium.TC0012_TestNG" name="test1" time="9.786"/>
</testsuite> <!-- Selenium.TC0012_TestNG -->
