<?xml version="1.0" encoding="UTF-8"?>
<!-- Generated by org.testng.reporters.JUnitReportReporter -->
<testsuite hostname="DESKTOP-S1KEI3U" failures="0" tests="2" name="Selenium.Lab9_2_TestNG" time="26.825" errors="0" timestamp="2025-08-19T12:53:10 IST" skipped="0">
  <testcase classname="Selenium.Lab9_2_TestNG" name="test2" time="12.975"/>
  <testcase classname="Selenium.Lab9_2_TestNG" name="test2" time="13.850"/>
</testsuite> <!-- Selenium.Lab9_2_TestNG -->
