<?xml version="1.0" encoding="UTF-8"?>
<!-- Generated by org.testng.reporters.JUnitReportReporter -->
<testsuite hostname="DESKTOP-S1KEI3U" failures="0" tests="1" name="Selenium_Practice.Que8" time="6.195" errors="0" timestamp="2025-08-28T11:06:02 IST" skipped="0">
  <testcase classname="Selenium_Practice.Que8" name="f" time="6.195"/>
</testsuite> <!-- Selenium_Practice.Que8 -->
