<?xml version="1.0" encoding="UTF-8"?>
<!-- Generated by org.testng.reporters.JUnitReportReporter -->
<testsuite hostname="DESKTOP-S1KEI3U" failures="0" tests="1" name="Selenium.jenkinsTest" time="5.371" errors="0" timestamp="2025-08-26T17:46:51 IST" skipped="0">
  <testcase classname="Selenium.jenkinsTest" name="f" time="5.371"/>
</testsuite> <!-- Selenium.jenkinsTest -->
