<?xml version="1.0" encoding="UTF-8"?>
<!-- Generated by org.testng.reporters.JUnitReportReporter -->
<testsuite hostname="DESKTOP-S1KEI3U" failures="0" tests="1" name="Selenium.Lab8_2_TestNG" time="5.593" errors="0" timestamp="2025-08-19T11:54:37 IST" skipped="0">
  <testcase classname="Selenium.Lab8_2_TestNG" name="f" time="5.593"/>
</testsuite> <!-- Selenium.Lab8_2_TestNG -->
