<?xml version="1.0" encoding="UTF-8"?>
<!-- Generated by org.testng.reporters.JUnitReportReporter -->
<testsuite hostname="DESKTOP-S1KEI3U" failures="0" tests="1" name="com.orangehrm.tests.LoginOrangeHRM" time="0.000" errors="1" timestamp="2025-08-23T13:02:36 IST" skipped="0">
  <testcase classname="com.orangehrm.tests.LoginOrangeHRM" name="verifylogin" time="0.000">
    <error message="java.io.FileNotFoundException: C:\Users\Satyam\eclipse-workspace\2Aug2025\src\test\resources\testdata\data.xlsx (The system cannot find the file specified)" type="java.lang.RuntimeException">
      <![CDATA[java.lang.RuntimeException: java.io.FileNotFoundException: C:\Users\Satyam\eclipse-workspace\2Aug2025\src\test\resources\testdata\data.xlsx (The system cannot find the file specified)
at org.testng.internal.invokers.MethodInvocationHelper.invokeMethodNoCheckedException(MethodInvocationHelper.java:58)
at org.testng.internal.invokers.MethodInvocationHelper.invokeDataProvider(MethodInvocationHelper.java:159)
at org.testng.internal.Parameters.handleParameters(Parameters.java:809)
at org.testng.internal.Parameters.handleParameters(Parameters.java:734)
at org.testng.internal.invokers.ParameterHandler.handleParameters(ParameterHandler.java:72)
at org.testng.internal.invokers.ParameterHandler.createParameters(ParameterHandler.java:51)
at org.testng.internal.invokers.TestInvoker$MethodInvocationAgent.invoke(TestInvoker.java:949)
at org.testng.internal.invokers.TestInvoker.invokeTestMethods(TestInvoker.java:203)
at org.testng.internal.invokers.TestMethodWorker.invokeTestMethods(TestMethodWorker.java:154)
at org.testng.internal.invokers.TestMethodWorker.run(TestMethodWorker.java:134)
at java.base/java.util.ArrayList.forEach(ArrayList.java:1596)
at org.testng.TestRunner.privateRun(TestRunner.java:741)
at org.testng.TestRunner.run(TestRunner.java:616)
at org.testng.SuiteRunner.runTest(SuiteRunner.java:421)
at org.testng.SuiteRunner.runSequentially(SuiteRunner.java:413)
at org.testng.SuiteRunner.privateRun(SuiteRunner.java:373)
at org.testng.SuiteRunner.run(SuiteRunner.java:312)
at org.testng.SuiteRunnerWorker.runSuite(SuiteRunnerWorker.java:52)
at org.testng.SuiteRunnerWorker.run(SuiteRunnerWorker.java:95)
at org.testng.TestNG.runSuitesSequentially(TestNG.java:1274)
at org.testng.TestNG.runSuitesLocally(TestNG.java:1208)
at org.testng.TestNG.runSuites(TestNG.java:1112)
at org.testng.TestNG.run(TestNG.java:1079)
at org.testng.remote.AbstractRemoteTestNG.run(AbstractRemoteTestNG.java:115)
at org.testng.remote.RemoteTestNG.initAndRun(RemoteTestNG.java:293)
at org.testng.remote.RemoteTestNG.main(RemoteTestNG.java:91)
Caused by: java.io.FileNotFoundException: C:\Users\Satyam\eclipse-workspace\2Aug2025\src\test\resources\testdata\data.xlsx (The system cannot find the file specified)
at java.base/java.io.FileInputStream.open0(Native Method)
at java.base/java.io.FileInputStream.open(FileInputStream.java:213)
at java.base/java.io.FileInputStream.<init>(FileInputStream.java:152)
at com.orangehrm.utilities.ExcelUtiles.getdata(ExcelUtiles.java:20)
at com.orangehrm.tests.LoginOrangeHRM.logindata(LoginOrangeHRM.java:50)
at java.base/jdk.internal.reflect.DirectMethodHandleAccessor.invoke(DirectMethodHandleAccessor.java:103)
at java.base/java.lang.reflect.Method.invoke(Method.java:580)
at org.testng.internal.invokers.MethodInvocationHelper.invokeMethod(MethodInvocationHelper.java:141)
at org.testng.internal.invokers.MethodInvocationHelper.invokeMethod(MethodInvocationHelper.java:86)
at org.testng.internal.invokers.MethodInvocationHelper.invokeMethodNoCheckedException(MethodInvocationHelper.java:54)
... 25 more
]]>
    </error>
  </testcase> <!-- verifylogin -->
</testsuite> <!-- com.orangehrm.tests.LoginOrangeHRM -->
