<?xml version="1.0" encoding="UTF-8"?>
<!-- Generated by org.testng.reporters.JUnitReportReporter -->
<testsuite hostname="DESKTOP-S1KEI3U" failures="0" tests="3" name="Selenium.Lab15" time="49.724" errors="0" timestamp="2025-08-22T15:52:30 IST" skipped="0">
  <testcase classname="Selenium.Lab15" name="f" time="16.838"/>
  <testcase classname="Selenium.Lab15" name="f" time="15.646"/>
  <testcase classname="Selenium.Lab15" name="f" time="17.240"/>
</testsuite> <!-- Selenium.Lab15 -->
