<?xml version="1.0" encoding="UTF-8"?>
<!-- Generated by org.testng.reporters.JUnitReportReporter -->
<testsuite hostname="DESKTOP-S1KEI3U" failures="0" tests="3" name="Selenium.TC0020_DataDriven" time="26.636" errors="0" timestamp="2025-08-20T15:29:10 IST" skipped="0">
  <testcase classname="Selenium.TC0020_DataDriven" name="f" time="8.092"/>
  <testcase classname="Selenium.TC0020_DataDriven" name="f" time="10.718"/>
  <testcase classname="Selenium.TC0020_DataDriven" name="f" time="7.826"/>
</testsuite> <!-- Selenium.TC0020_DataDriven -->
