<?xml version="1.0" encoding="UTF-8"?>
<!-- Generated by org.testng.reporters.JUnitReportReporter -->
<testsuite hostname="DESKTOP-S1KEI3U" failures="0" tests="1" name="Selenium.Lab10_TestNG" time="9.402" errors="0" timestamp="2025-08-29T09:06:30 IST" skipped="0">
  <testcase classname="Selenium.Lab10_TestNG" name="f" time="9.402"/>
</testsuite> <!-- Selenium.Lab10_TestNG -->
