<?xml version="1.0" encoding="UTF-8"?>
<!-- Generated by org.testng.reporters.JUnitReportReporter -->
<testsuite hostname="DESKTOP-S1KEI3U" failures="0" tests="2" name="Selenium.TC0019_PageFactory" time="19.815" errors="0" timestamp="2025-08-20T14:48:28 IST" skipped="0">
  <testcase classname="Selenium.TC0019_PageFactory" name="f" time="9.947"/>
  <testcase classname="Selenium.TC0019_PageFactory" name="f" time="9.868"/>
</testsuite> <!-- Selenium.TC0019_PageFactory -->
