<?xml version="1.0" encoding="UTF-8"?>
<!-- Generated by org.testng.reporters.JUnitReportReporter -->
<testsuite hostname="DESKTOP-S1KEI3U" failures="0" tests="1" name="Selenium.TC0016_TestNG_Assertion" time="8.110" errors="0" timestamp="2025-08-19T11:12:47 IST" skipped="0">
  <testcase classname="Selenium.TC0016_TestNG_Assertion" name="f" time="8.110"/>
</testsuite> <!-- Selenium.TC0016_TestNG_Assertion -->
