<?xml version="1.0" encoding="UTF-8"?>
<!-- Generated by org.testng.reporters.JUnitReportReporter -->
<testsuite hostname="DESKTOP-S1KEI3U" failures="0" tests="2" name="Selenium.Lab9_1_TestNG" time="43.132" errors="0" timestamp="2025-08-19T15:10:11 IST" skipped="0">
  <testcase classname="Selenium.Lab9_1_TestNG" name="test1" time="21.550"/>
  <testcase classname="Selenium.Lab9_1_TestNG" name="test1" time="21.582"/>
</testsuite> <!-- Selenium.Lab9_1_TestNG -->
