<?xml version="1.0" encoding="UTF-8"?>
<!-- Generated by org.testng.reporters.JUnitReportReporter -->
<testsuite hostname="DESKTOP-S1KEI3U" failures="0" tests="2" name="Selenium.Lab16" time="34.749" errors="0" timestamp="2025-08-22T15:46:07 IST" skipped="0">
  <testcase classname="Selenium.Lab16" name="f" time="17.923"/>
  <testcase classname="Selenium.Lab16" name="f" time="16.826"/>
</testsuite> <!-- Selenium.Lab16 -->
