<?xml version="1.0" encoding="UTF-8"?>
<!-- Generated by org.testng.reporters.JUnitReportReporter -->
<testsuite hostname="DESKTOP-S1KEI3U" failures="0" tests="10" name="com.orangehrm.tests.LoginOrangeHRM" time="10.958" errors="0" timestamp="2025-08-29T15:43:18 IST" skipped="9">
  <testcase classname="com.orangehrm.tests.LoginOrangeHRM" name="Que9_screenshot" time="10.958"/>
  <testcase classname="com.orangehrm.tests.LoginOrangeHRM" name="Que6_checkbox">
    <skipped/>
  </testcase> <!-- Que6_checkbox -->
  <testcase classname="com.orangehrm.tests.LoginOrangeHRM" name="Que3_printlaptop">
    <skipped/>
  </testcase> <!-- Que3_printlaptop -->
  <testcase classname="com.orangehrm.tests.LoginOrangeHRM" name="Que4_dropdown">
    <skipped/>
  </testcase> <!-- Que4_dropdown -->
  <testcase classname="com.orangehrm.tests.LoginOrangeHRM" name="Que8_switchwindow">
    <skipped/>
  </testcase> <!-- Que8_switchwindow -->
  <testcase classname="com.orangehrm.tests.LoginOrangeHRM" name="Que7_printnamefromtable">
    <skipped/>
  </testcase> <!-- Que7_printnamefromtable -->
  <testcase classname="com.orangehrm.tests.LoginOrangeHRM" name="verifylogin">
    <skipped/>
  </testcase> <!-- verifylogin -->
  <testcase classname="com.orangehrm.tests.LoginOrangeHRM" name="Que5_alert">
    <skipped/>
  </testcase> <!-- Que5_alert -->
  <testcase classname="com.orangehrm.tests.LoginOrangeHRM" name="Que2_verifysuccessfulLogin">
    <skipped/>
  </testcase> <!-- Que2_verifysuccessfulLogin -->
  <testcase classname="com.orangehrm.tests.LoginOrangeHRM" name="Qu1_openGoogleAndPrintTitle">
    <skipped/>
  </testcase> <!-- Qu1_openGoogleAndPrintTitle -->
</testsuite> <!-- com.orangehrm.tests.LoginOrangeHRM -->
