<?xml version="1.0" encoding="UTF-8"?>
<!-- Generated by org.testng.reporters.JUnitReportReporter -->
<testsuite hostname="DESKTOP-S1KEI3U" failures="0" tests="1" name="Selenium_Practice.Que3" time="8.908" errors="0" timestamp="2025-08-28T09:52:09 IST" skipped="0">
  <testcase classname="Selenium_Practice.Que3" name="f" time="8.908"/>
</testsuite> <!-- Selenium_Practice.Que3 -->
