<?xml version="1.0" encoding="UTF-8"?>
<!-- Generated by org.testng.reporters.JUnitReportReporter -->
<testsuite hostname="DESKTOP-S1KEI3U" failures="0" tests="1" name="Selenium.TC0013_TestNG" time="6.140" errors="0" timestamp="2025-08-19T09:31:07 IST" skipped="0">
  <testcase classname="Selenium.TC0013_TestNG" name="test2" time="6.140"/>
</testsuite> <!-- Selenium.TC0013_TestNG -->
