<?xml version="1.0" encoding="UTF-8"?>
<!-- Generated by org.testng.reporters.JUnitReportReporter -->
<testsuite hostname="DESKTOP-S1KEI3U" failures="0" tests="2" name="Selenium.Lab9_1_TestNG" time="22.885" errors="0" timestamp="2025-08-19T12:53:10 IST" skipped="0">
  <testcase classname="Selenium.Lab9_1_TestNG" name="test1" time="11.855"/>
  <testcase classname="Selenium.Lab9_1_TestNG" name="test1" time="11.030"/>
</testsuite> <!-- Selenium.Lab9_1_TestNG -->
