<?xml version="1.0" encoding="UTF-8"?>
<!-- Generated by org.testng.reporters.JUnitReportReporter -->
<testsuite hostname="DESKTOP-S1KEI3U" failures="0" tests="3" name="Selenium.TC0014_TestNg" time="60.906" errors="0" timestamp="2025-08-19T09:55:19 IST" skipped="0">
  <testcase classname="Selenium.TC0014_TestNg" name="Test1" time="16.513"/>
  <testcase classname="Selenium.TC0014_TestNg" name="Test1" time="34.889"/>
  <testcase classname="Selenium.TC0014_TestNg" name="Test1" time="9.504"/>
</testsuite> <!-- Selenium.TC0014_TestNg -->
