<?xml version="1.0" encoding="UTF-8"?>
<!-- Generated by org.testng.reporters.JUnitReportReporter -->
<testsuite hostname="DESKTOP-S1KEI3U" failures="0" tests="1" name="Selenium.Lab11_2_TestNG_POM" time="11.941" errors="0" timestamp="2025-08-28T12:48:07 IST" skipped="0">
  <testcase classname="Selenium.Lab11_2_TestNG_POM" name="f" time="11.941"/>
</testsuite> <!-- Selenium.Lab11_2_TestNG_POM -->
