<?xml version="1.0" encoding="UTF-8"?>
<!-- Generated by org.testng.reporters.JUnitReportReporter -->
<testsuite hostname="DESKTOP-S1KEI3U" failures="0" tests="2" name="Selenium.TC0017_POM_18" time="31.989" errors="0" timestamp="2025-08-20T09:46:33 IST" skipped="0">
  <testcase classname="Selenium.TC0017_POM_18" name="f" time="8.687"/>
  <testcase classname="Selenium.TC0017_POM_18" name="f" time="23.302"/>
</testsuite> <!-- Selenium.TC0017_POM_18 -->
