<?xml version="1.0" encoding="UTF-8"?>
<!-- Generated by org.testng.reporters.JUnitReportReporter -->
<testsuite hostname="DESKTOP-S1KEI3U" failures="0" tests="1" name="Selenium.Lab11_2_TestNG_POM" time="10.812" errors="0" timestamp="2025-08-20T11:57:41 IST" skipped="0">
  <testcase classname="Selenium.Lab11_2_TestNG_POM" name="f" time="10.812"/>
</testsuite> <!-- Selenium.Lab11_2_TestNG_POM -->
