<?xml version="1.0" encoding="UTF-8"?>
<!-- Generated by org.testng.reporters.JUnitReportReporter -->
<testsuite hostname="DESKTOP-S1KEI3U" failures="0" tests="2" name="Selenium.TC0011_testng" time="20.760" errors="0" timestamp="2025-08-18T23:39:53 IST" skipped="0">
  <testcase classname="Selenium.TC0011_testng" name="f" time="9.644"/>
  <testcase classname="Selenium.TC0011_testng" name="f" time="11.116"/>
</testsuite> <!-- Selenium.TC0011_testng -->
