<?xml version="1.0" encoding="UTF-8"?>
<!-- Generated by org.testng.reporters.JUnitReportReporter -->
<testsuite hostname="DESKTOP-S1KEI3U" failures="0" tests="1" name="Selenium_Practice.Que9" time="6.729" errors="0" timestamp="2025-08-29T15:36:34 IST" skipped="0">
  <testcase classname="Selenium_Practice.Que9" name="f" time="6.729"/>
</testsuite> <!-- Selenium_Practice.Que9 -->
